============================== Prover9 ===============================
Prover9 (32) version Dec-2007, Dec 2007.
Process 1241623 was started by maglev on Ceasium,
Thu Dec  3 11:23:10 2020
The command was "prover9 -f ba.in".
============================== end of head ===========================

============================== INPUT =================================

% Reading from file ba.in

op(325,infix,~).
op(340,ordinary,I).

formulas(assumptions).
x ~ (y ~ z) = (x ~ y) ~ z.
x ~ I = x.
I ~ x = x.
x ~ x = I.
end_of_list.

formulas(goals).
x ~ y = y ~ x.
end_of_list.

============================== end of input ==========================

============================== PROCESS NON-CLAUSAL FORMULAS ==========

% Formulas that are not ordinary clauses:
1 x ~ y = y ~ x # label(non_clause) # label(goal).  [goal].

============================== end of process non-clausal formulas ===

============================== PROCESS INITIAL CLAUSES ===============

% Clauses before input processing:

formulas(usable).
end_of_list.

formulas(sos).
x ~ (y ~ z) = (x ~ y) ~ z.  [assumption].
x ~ I = x.  [assumption].
I ~ x = x.  [assumption].
x ~ x = I.  [assumption].
c2 ~ c1 != c1 ~ c2.  [deny(1)].
end_of_list.

formulas(demodulators).
end_of_list.

============================== PREDICATE ELIMINATION =================

No predicates eliminated.

============================== end predicate elimination =============

Auto_denials:  (no changes).

Term ordering decisions:
Predicate symbol precedence:  predicate_order([ = ]).
Function symbol precedence:  function_order([ I, c1, c2, ~ ]).
After inverse_order:  (no changes).
Unfolding symbols: (none).

Auto_inference settings:
  % set(paramodulation).  % (positive equality literals)

Auto_process settings:  (no changes).

============================== end of process initial clauses ========

============================== CLAUSES FOR SEARCH ====================

% Clauses after input processing:

formulas(usable).
end_of_list.

formulas(sos).
3 (x ~ y) ~ z = x ~ (y ~ z).  [copy(2),flip(a)].
4 x ~ I = x.  [assumption].
5 I ~ x = x.  [assumption].
6 x ~ x = I.  [assumption].
7 c2 ~ c1 != c1 ~ c2.  [deny(1)].
end_of_list.

formulas(demodulators).
3 (x ~ y) ~ z = x ~ (y ~ z).  [copy(2),flip(a)].
4 x ~ I = x.  [assumption].
5 I ~ x = x.  [assumption].
6 x ~ x = I.  [assumption].
end_of_list.

============================== end of clauses for search =============

============================== SEARCH ================================

% Starting search at 0.00 seconds.

given #1 (I,wt=11): 3 (x ~ y) ~ z = x ~ (y ~ z).  [copy(2),flip(a)].

given #2 (I,wt=5): 4 x ~ I = x.  [assumption].

given #3 (I,wt=5): 5 I ~ x = x.  [assumption].

given #4 (I,wt=5): 6 x ~ x = I.  [assumption].

given #5 (I,wt=7): 7 c2 ~ c1 != c1 ~ c2.  [deny(1)].

given #6 (A,wt=7): 8 x ~ (x ~ y) = y.  [para(6(a,1),3(a,1,1)),rewrite([5(2)]),flip(a)].

given #7 (T,wt=9): 9 x ~ (y ~ (x ~ y)) = I.  [para(6(a,1),3(a,1)),flip(a)].

given #8 (T,wt=7): 12 x ~ (y ~ x) = y.  [para(9(a,1),8(a,1,2)),rewrite([4(2)]),flip(a)].

% Operation ~ is commutative; C redundancy checks enabled.

============================== PROOF =================================

% Proof 1 at 0.00 (+ 0.00) seconds.
% Length of proof is 12.
% Level of proof is 5.
% Maximum clause weight is 11.
% Given clauses 8.

1 x ~ y = y ~ x # label(non_clause) # label(goal).  [goal].
2 x ~ (y ~ z) = (x ~ y) ~ z.  [assumption].
3 (x ~ y) ~ z = x ~ (y ~ z).  [copy(2),flip(a)].
4 x ~ I = x.  [assumption].
5 I ~ x = x.  [assumption].
6 x ~ x = I.  [assumption].
7 c2 ~ c1 != c1 ~ c2.  [deny(1)].
8 x ~ (x ~ y) = y.  [para(6(a,1),3(a,1,1)),rewrite([5(2)]),flip(a)].
9 x ~ (y ~ (x ~ y)) = I.  [para(6(a,1),3(a,1)),flip(a)].
12 x ~ (y ~ x) = y.  [para(9(a,1),8(a,1,2)),rewrite([4(2)]),flip(a)].
16 x ~ y = y ~ x.  [para(12(a,1),8(a,1,2))].
17 $F.  [resolve(16,a,7,a)].

============================== end of proof ==========================

============================== STATISTICS ============================

Given=8. Generated=69. Kept=14. proofs=1.
Usable=7. Sos=2. Demods=11. Limbo=3, Disabled=6. Hints=0.
Weight_deleted=0. Literals_deleted=0.
Forward_subsumed=55. Back_subsumed=0.
Sos_limit_deleted=0. Sos_displaced=0. Sos_removed=0.
New_demodulators=12 (0 lex), Back_demodulated=1. Back_unit_deleted=0.
Demod_attempts=414. Demod_rewrites=91.
Res_instance_prunes=0. Para_instance_prunes=0. Basic_paramod_prunes=0.
Nonunit_fsub_feature_tests=0. Nonunit_bsub_feature_tests=0.
Megabytes=0.02.
User_CPU=0.00, System_CPU=0.00, Wall_clock=0.

============================== end of statistics =====================

============================== end of search =========================

THEOREM PROVED

Exiting with 1 proof.

Process 1241623 exit (max_proofs) Thu Dec  3 11:23:10 2020
